<?xml version="1.0" encoding="UTF-8"?>
<!-- Generated by org.testng.reporters.JUnitReportReporter -->
<testsuite hostname="LAPTOP-7S7K48R8" name="testcases.TC_002_Login_Logout" tests="1" failures="0" timestamp="21 Dec 2022 16:45:50 GMT" time="0.000" errors="0">
  <testcase name="tc004" time="0.000" classname="testcases.TC_002_Login_Logout"/>
</testsuite> <!-- testcases.TC_002_Login_Logout -->
