<?xml version="1.0" encoding="UTF-8"?>
<!-- Generated by org.testng.reporters.JUnitReportReporter -->
<testsuite hostname="LAPTOP-7S7K48R8" name="testcases.TC_001_Login_Logout" tests="1" failures="0" timestamp="21 Dec 2022 16:47:32 GMT" time="0.003" errors="0">
  <testcase name="tc001" time="0.003" classname="testcases.TC_001_Login_Logout"/>
</testsuite> <!-- testcases.TC_001_Login_Logout -->
